Removed Pin From Net: NetName=Vshunt_S2_P Pin=J16-3
Removed Pin From Net: NetName=Vshunt_S2_N Pin=J16-4
Removed Pin From Net: NetName=Vshunt_S3_P Pin=J21-1
Removed Pin From Net: NetName=Vshunt_S3_N Pin=J21-2
Removed Pin From Net: NetName=Vshunt_S4_P Pin=J21-3
Removed Pin From Net: NetName=Vshunt_S4_N Pin=J21-4
Change Component Footprint: Designator=J16 Old Footprint=BREAKOUT_CON4PIN New Footprint=Breakout_con2pin
Change Component Footprint: Designator=J21 Old Footprint=BREAKOUT_CON4PIN New Footprint=Breakout_con2pin
Change Component Comment : Designator=J16 Old Comment=Breakout4 New Comment=Breakout2
Change Component Comment : Designator=J21 Old Comment=Breakout4 New Comment=Breakout2
Added Component: Designator=J24(Breakout_con2pin)
Added Component: Designator=J25(Breakout_con2pin)
Added Pin To Net: NetName=Vshunt_S2_P Pin=J21-1
Added Pin To Net: NetName=Vshunt_S2_N Pin=J21-2
Added Pin To Net: NetName=Vshunt_S3_P Pin=J24-1
Added Pin To Net: NetName=Vshunt_S3_N Pin=J24-2
Added Pin To Net: NetName=Vshunt_S4_P Pin=J25-1
Added Pin To Net: NetName=Vshunt_S4_N Pin=J25-2
Added Member To Class: ClassName=Schematic1_PCBr7 Member=Component J24 Breakout2
Added Member To Class: ClassName=Schematic1_PCBr7 Member=Component J25 Breakout2
